#
# There is insufficient memory for the Java Runtime Environment to continue.
# Native memory allocation (malloc) failed to allocate 1348496 bytes for Chunk::new
# Possible reasons:
#   The system is out of physical RAM or swap space
#   In 32 bit mode, the process size limit was hit
# Possible solutions:
#   Reduce memory load on the system
#   Increase physical memory or swap space
#   Check if swap backing store is full
#   Use 64 bit Java on a 64 bit OS
#   Decrease Java heap size (-Xmx/-Xms)
#   Decrease number of Java threads
#   Decrease Java thread stack sizes (-Xss)
#   Set larger code cache with -XX:ReservedCodeCacheSize=
# This output file may be truncated or incomplete.
#
#  Out of Memory Error (allocation.cpp:390), pid=5764, tid=0x0000000000003e6c
#
# JRE version: Java(TM) SE Runtime Environment (8.0_181-b13) (build 1.8.0_181-b13)
# Java VM: Java HotSpot(TM) 64-Bit Server VM (25.181-b13 mixed mode windows-amd64 compressed oops)
# Failed to write core dump. Minidumps are not enabled by default on client versions of Windows
#

---------------  T H R E A D  ---------------

Current thread (0x0000000018076800):  JavaThread "C2 CompilerThread1" daemon [_thread_in_native, id=15980, stack(0x00000000197b0000,0x00000000198b0000)]

Stack: [0x00000000197b0000,0x00000000198b0000]
[error occurred during error reporting (printing stack bounds), id 0xc0000005]

Native frames: (J=compiled Java code, j=interpreted, Vv=VM code, C=native code)


Current CompileTask:
C2: 686971 22251   !   4       net.minecraft.client.renderer.RenderGlobal::renderEntities (1560 bytes)


---------------  P R O C E S S  ---------------

Java Threads: ( => current thread )
  0x000000001d1d2000 JavaThread "Chunk I/O Executor Thread-1" daemon [_thread_blocked, id=14720, stack(0x0000000000d20000,0x0000000000e20000)]
  0x000000001d9bf000 JavaThread "Chunk Batcher 3" daemon [_thread_blocked, id=9900, stack(0x00000000720d0000,0x00000000721d0000)]
  0x000000001d9be800 JavaThread "Chunk Batcher 2" daemon [_thread_blocked, id=588, stack(0x0000000071fd0000,0x00000000720d0000)]
  0x000000001d9bd000 JavaThread "Chunk Batcher 1" daemon [_thread_blocked, id=10116, stack(0x0000000071ed0000,0x0000000071fd0000)]
  0x000000001d9c1800 JavaThread "Chunk Batcher 0" daemon [_thread_blocked, id=4296, stack(0x0000000071dd0000,0x0000000071ed0000)]
  0x000000001d9bd800 JavaThread "Netty Server IO #1" daemon [_thread_in_native, id=6992, stack(0x0000000071bd0000,0x0000000071cd0000)]
  0x000000001d9c0000 JavaThread "Netty Local Client IO #0" daemon [_thread_blocked, id=2160, stack(0x0000000071950000,0x0000000071a50000)]
  0x000000001d9c2000 JavaThread "Netty Server IO #0" daemon [_thread_in_native, id=4468, stack(0x0000000071440000,0x0000000071540000)]
  0x000000001d9bb800 JavaThread "File IO Thread" [_thread_blocked, id=11936, stack(0x0000000071340000,0x0000000071440000)]
  0x000000001b486000 JavaThread "Server thread" [_thread_blocked, id=15320, stack(0x0000000071240000,0x0000000071340000)]
  0x000000001b48b800 JavaThread "Snooper Timer" daemon [_thread_blocked, id=10284, stack(0x0000000071140000,0x0000000071240000)]
  0x000000001b48a800 JavaThread "Narrator" daemon [_thread_blocked, id=12244, stack(0x0000000070240000,0x0000000070340000)]
  0x000000001b487800 JavaThread "Thread-6" [_thread_blocked, id=11080, stack(0x000000006bc40000,0x000000006bd40000)]
  0x000000001b487000 JavaThread "Thread-5" [_thread_blocked, id=9248, stack(0x000000006bb40000,0x000000006bc40000)]
  0x000000001f73b800 JavaThread "LWJGL Timer" daemon [_thread_blocked, id=10436, stack(0x0000000068610000,0x0000000068710000)]
  0x000000001e514800 JavaThread "Java2D Disposer" daemon [_thread_blocked, id=12344, stack(0x0000000021300000,0x0000000021400000)]
  0x000000001dda6000 JavaThread "Timer hack thread" daemon [_thread_blocked, id=9908, stack(0x0000000020d40000,0x0000000020e40000)]
  0x000000001dbd0800 JavaThread "Snooper Timer" daemon [_thread_blocked, id=7780, stack(0x000000001d7d0000,0x000000001d8d0000)]
  0x00000000180ce800 JavaThread "Service Thread" daemon [_thread_blocked, id=9308, stack(0x0000000019db0000,0x0000000019eb0000)]
  0x0000000018083000 JavaThread "C1 CompilerThread2" daemon [_thread_blocked, id=2368, stack(0x00000000198b0000,0x00000000199b0000)]
=>0x0000000018076800 JavaThread "C2 CompilerThread1" daemon [_thread_in_native, id=15980, stack(0x00000000197b0000,0x00000000198b0000)]
  0x0000000018075000 JavaThread "C2 CompilerThread0" daemon [_thread_blocked, id=10848, stack(0x00000000196b0000,0x00000000197b0000)]
  0x0000000018073800 JavaThread "Attach Listener" daemon [_thread_blocked, id=1076, stack(0x00000000195b0000,0x00000000196b0000)]
  0x0000000018072800 JavaThread "Signal Dispatcher" daemon [_thread_blocked, id=10772, stack(0x00000000194b0000,0x00000000195b0000)]
  0x00000000034fe800 JavaThread "Finalizer" daemon [_thread_blocked, id=3836, stack(0x00000000192c0000,0x00000000193c0000)]
  0x00000000034f8000 JavaThread "Reference Handler" daemon [_thread_blocked, id=6840, stack(0x00000000191c0000,0x00000000192c0000)]
  0x0000000003407800 JavaThread "Client thread" [_thread_in_native, id=736, stack(0x0000000003250000,0x0000000003350000)]

Other Threads:
  0x0000000018037800 VMThread [stack: 0x00000000190c0000,0x00000000191c0000] [id=11860]
  0x0000000019a1e800 WatcherThread [stack: 0x0000000019eb0000,0x0000000019fb0000] [id=8496]

VM state:not at safepoint (normal execution)

VM Mutex/Monitor currently owned by a thread: None

Heap:
 PSYoungGen      total 650240K, used 281046K [0x00000000d5c00000, 0x0000000100000000, 0x0000000100000000)
  eden space 609280K, 43% used [0x00000000d5c00000,0x00000000e6069da8,0x00000000faf00000)
  from space 40960K, 35% used [0x00000000fd800000,0x00000000fe60bb28,0x0000000100000000)
  to   space 41472K, 0% used [0x00000000faf00000,0x00000000faf00000,0x00000000fd780000)
 ParOldGen       total 380416K, used 350632K [0x0000000081400000, 0x0000000098780000, 0x00000000d5c00000)
  object space 380416K, 92% used [0x0000000081400000,0x0000000096a6a108,0x0000000098780000)
 Metaspace       used 72094K, capacity 73415K, committed 73560K, reserved 1114112K
  class space    used 9424K, capacity 9739K, committed 9856K, reserved 1048576K

Card table byte_map: [0x00000000128c0000,0x0000000012cc0000] byte_map_base: 0x00000000124b6000

Marking Bits: (ParMarkBitMap*) 0x00000000696a2d00
 Begin Bits: [0x0000000013370000, 0x0000000015320000)
 End Bits:   [0x0000000015320000, 0x00000000172d0000)

Polling page: 0x00000000013d0000

CodeCache: size=245760Kb used=55382Kb max_used=55578Kb free=190377Kb
 bounds [0x0000000003500000, 0x0000000006bc0000, 0x0000000012500000]
 total_blobs=14672 nmethods=13647 adapters=934
 compilation: enabled

Compilation events (10 events):
Event: 685.082 Thread 0x0000000018083000 22248       1       net.minecraft.client.renderer.BlockModelShapes::getModelManager (5 bytes)
Event: 685.082 Thread 0x0000000018083000 nmethod 22248 0x0000000005dc8110 code [0x0000000005dc8260, 0x0000000005dc8370]
Event: 685.336 Thread 0x0000000018076800 nmethod 22246 0x0000000006a139d0 code [0x0000000006a142c0, 0x0000000006a198a8]
Event: 685.630 Thread 0x0000000018075000 22249       4       net.minecraft.entity.EntityLivingBase::notifyDataManagerChange (108 bytes)
Event: 685.634 Thread 0x0000000018075000 nmethod 22249 0x0000000005dc78d0 code [0x0000000005dc7a80, 0x0000000005dc7d20]
Event: 685.681 Thread 0x0000000018083000 22250       1       net.minecraftforge.client.event.RenderItemInFrameEvent::isCancelable (2 bytes)
Event: 685.681 Thread 0x0000000018083000 nmethod 22250 0x0000000006a13710 code [0x0000000006a13860, 0x0000000006a13970]
Event: 685.786 Thread 0x0000000018076800 22251   !   4       net.minecraft.client.renderer.RenderGlobal::renderEntities (1560 bytes)
Event: 685.917 Thread 0x0000000018075000 22252       4       net.minecraft.client.renderer.BufferBuilder::putNormal (149 bytes)
Event: 685.924 Thread 0x0000000018075000 nmethod 22252 0x00000000062d5dd0 code [0x00000000062d5fa0, 0x00000000062d64d0]

GC Heap History (10 events):
Event: 555.497 GC heap before
{Heap before GC invocations=85 (full 7):
 PSYoungGen      total 645632K, used 628064K [0x00000000d5c00000, 0x00000000ffe00000, 0x0000000100000000)
  eden space 601600K, 100% used [0x00000000d5c00000,0x00000000fa780000,0x00000000fa780000)
  from space 44032K, 60% used [0x00000000fa780000,0x00000000fc158170,0x00000000fd280000)
  to   space 42496K, 0% used [0x00000000fd480000,0x00000000fd480000,0x00000000ffe00000)
 ParOldGen       total 380416K, used 336522K [0x0000000081400000, 0x0000000098780000, 0x00000000d5c00000)
  object space 380416K, 88% used [0x0000000081400000,0x0000000095ca2b60,0x0000000098780000)
 Metaspace       used 71928K, capacity 73281K, committed 73560K, reserved 1114112K
  class space    used 9418K, capacity 9738K, committed 9856K, reserved 1048576K
Event: 555.518 GC heap after
Heap after GC invocations=85 (full 7):
 PSYoungGen      total 645632K, used 28175K [0x00000000d5c00000, 0x00000000ffc00000, 0x0000000100000000)
  eden space 605184K, 0% used [0x00000000d5c00000,0x00000000d5c00000,0x00000000fab00000)
  from space 40448K, 69% used [0x00000000fd480000,0x00000000ff003db8,0x00000000ffc00000)
  to   space 41472K, 0% used [0x00000000fab00000,0x00000000fab00000,0x00000000fd380000)
 ParOldGen       total 380416K, used 338586K [0x0000000081400000, 0x0000000098780000, 0x00000000d5c00000)
  object space 380416K, 89% used [0x0000000081400000,0x0000000095ea6b60,0x0000000098780000)
 Metaspace       used 71928K, capacity 73281K, committed 73560K, reserved 1114112K
  class space    used 9418K, capacity 9738K, committed 9856K, reserved 1048576K
}
Event: 576.175 GC heap before
{Heap before GC invocations=86 (full 7):
 PSYoungGen      total 645632K, used 633359K [0x00000000d5c00000, 0x00000000ffc00000, 0x0000000100000000)
  eden space 605184K, 100% used [0x00000000d5c00000,0x00000000fab00000,0x00000000fab00000)
  from space 40448K, 69% used [0x00000000fd480000,0x00000000ff003db8,0x00000000ffc00000)
  to   space 41472K, 0% used [0x00000000fab00000,0x00000000fab00000,0x00000000fd380000)
 ParOldGen       total 380416K, used 338586K [0x0000000081400000, 0x0000000098780000, 0x00000000d5c00000)
  object space 380416K, 89% used [0x0000000081400000,0x0000000095ea6b60,0x0000000098780000)
 Metaspace       used 71935K, capacity 73281K, committed 73560K, reserved 1114112K
  class space    used 9418K, capacity 9738K, committed 9856K, reserved 1048576K
Event: 576.191 GC heap after
Heap after GC invocations=86 (full 7):
 PSYoungGen      total 646656K, used 22882K [0x00000000d5c00000, 0x00000000ffe00000, 0x0000000100000000)
  eden space 605184K, 0% used [0x00000000d5c00000,0x00000000d5c00000,0x00000000fab00000)
  from space 41472K, 55% used [0x00000000fab00000,0x00000000fc158950,0x00000000fd380000)
  to   space 40960K, 0% used [0x00000000fd600000,0x00000000fd600000,0x00000000ffe00000)
 ParOldGen       total 380416K, used 341075K [0x0000000081400000, 0x0000000098780000, 0x00000000d5c00000)
  object space 380416K, 89% used [0x0000000081400000,0x0000000096114eb8,0x0000000098780000)
 Metaspace       used 71935K, capacity 73281K, committed 73560K, reserved 1114112K
  class space    used 9418K, capacity 9738K, committed 9856K, reserved 1048576K
}
Event: 606.370 GC heap before
{Heap before GC invocations=87 (full 7):
 PSYoungGen      total 646656K, used 628066K [0x00000000d5c00000, 0x00000000ffe00000, 0x0000000100000000)
  eden space 605184K, 100% used [0x00000000d5c00000,0x00000000fab00000,0x00000000fab00000)
  from space 41472K, 55% used [0x00000000fab00000,0x00000000fc158950,0x00000000fd380000)
  to   space 40960K, 0% used [0x00000000fd600000,0x00000000fd600000,0x00000000ffe00000)
 ParOldGen       total 380416K, used 341075K [0x0000000081400000, 0x0000000098780000, 0x00000000d5c00000)
  object space 380416K, 89% used [0x0000000081400000,0x0000000096114eb8,0x0000000098780000)
 Metaspace       used 71975K, capacity 73345K, committed 73560K, reserved 1114112K
  class space    used 9419K, capacity 9738K, committed 9856K, reserved 1048576K
Event: 606.387 GC heap after
Heap after GC invocations=87 (full 7):
 PSYoungGen      total 649216K, used 18559K [0x00000000d5c00000, 0x00000000ffe00000, 0x0000000100000000)
  eden space 608256K, 0% used [0x00000000d5c00000,0x00000000d5c00000,0x00000000fae00000)
  from space 40960K, 45% used [0x00000000fd600000,0x00000000fe81fda0,0x00000000ffe00000)
  to   space 40960K, 0% used [0x00000000fae00000,0x00000000fae00000,0x00000000fd600000)
 ParOldGen       total 380416K, used 344786K [0x0000000081400000, 0x0000000098780000, 0x00000000d5c00000)
  object space 380416K, 90% used [0x0000000081400000,0x00000000964b4b68,0x0000000098780000)
 Metaspace       used 71975K, capacity 73345K, committed 73560K, reserved 1114112K
  class space    used 9419K, capacity 9738K, committed 9856K, reserved 1048576K
}
Event: 638.966 GC heap before
{Heap before GC invocations=88 (full 7):
 PSYoungGen      total 649216K, used 626815K [0x00000000d5c00000, 0x00000000ffe00000, 0x0000000100000000)
  eden space 608256K, 100% used [0x00000000d5c00000,0x00000000fae00000,0x00000000fae00000)
  from space 40960K, 45% used [0x00000000fd600000,0x00000000fe81fda0,0x00000000ffe00000)
  to   space 40960K, 0% used [0x00000000fae00000,0x00000000fae00000,0x00000000fd600000)
 ParOldGen       total 380416K, used 344786K [0x0000000081400000, 0x0000000098780000, 0x00000000d5c00000)
  object space 380416K, 90% used [0x0000000081400000,0x00000000964b4b68,0x0000000098780000)
 Metaspace       used 71991K, capacity 73345K, committed 73560K, reserved 1114112K
  class space    used 9419K, capacity 9738K, committed 9856K, reserved 1048576K
Event: 638.982 GC heap after
Heap after GC invocations=88 (full 7):
 PSYoungGen      total 649216K, used 18272K [0x00000000d5c00000, 0x0000000100000000, 0x0000000100000000)
  eden space 608256K, 0% used [0x00000000d5c00000,0x00000000d5c00000,0x00000000fae00000)
  from space 40960K, 44% used [0x00000000fae00000,0x00000000fbfd8118,0x00000000fd600000)
  to   space 40960K, 0% used [0x00000000fd800000,0x00000000fd800000,0x0000000100000000)
 ParOldGen       total 380416K, used 345094K [0x0000000081400000, 0x0000000098780000, 0x00000000d5c00000)
  object space 380416K, 90% used [0x0000000081400000,0x00000000965019d8,0x0000000098780000)
 Metaspace       used 71991K, capacity 73345K, committed 73560K, reserved 1114112K
  class space    used 9419K, capacity 9738K, committed 9856K, reserved 1048576K
}
Event: 672.170 GC heap before
{Heap before GC invocations=89 (full 7):
 PSYoungGen      total 649216K, used 626528K [0x00000000d5c00000, 0x0000000100000000, 0x0000000100000000)
  eden space 608256K, 100% used [0x00000000d5c00000,0x00000000fae00000,0x00000000fae00000)
  from space 40960K, 44% used [0x00000000fae00000,0x00000000fbfd8118,0x00000000fd600000)
  to   space 40960K, 0% used [0x00000000fd800000,0x00000000fd800000,0x0000000100000000)
 ParOldGen       total 380416K, used 345094K [0x0000000081400000, 0x0000000098780000, 0x00000000d5c00000)
  object space 380416K, 90% used [0x0000000081400000,0x00000000965019d8,0x0000000098780000)
 Metaspace       used 72051K, capacity 73415K, committed 73560K, reserved 1114112K
  class space    used 9420K, capacity 9739K, committed 9856K, reserved 1048576K
Event: 672.187 GC heap after
Heap after GC invocations=89 (full 7):
 PSYoungGen      total 650240K, used 14382K [0x00000000d5c00000, 0x0000000100000000, 0x0000000100000000)
  eden space 609280K, 0% used [0x00000000d5c00000,0x00000000d5c00000,0x00000000faf00000)
  from space 40960K, 35% used [0x00000000fd800000,0x00000000fe60bb28,0x0000000100000000)
  to   space 41472K, 0% used [0x00000000faf00000,0x00000000faf00000,0x00000000fd780000)
 ParOldGen       total 380416K, used 350632K [0x0000000081400000, 0x0000000098780000, 0x00000000d5c00000)
  object space 380416K, 92% used [0x0000000081400000,0x0000000096a6a108,0x0000000098780000)
 Metaspace       used 72051K, capacity 73415K, committed 73560K, reserved 1114112K
  class space    used 9420K, capacity 9739K, committed 9856K, reserved 1048576K
}

Deoptimization events (10 events):
Event: 656.180 Thread 0x0000000003407800 Uncommon trap: reason=class_check action=maybe_recompile pc=0x000000000540a220 method=net.minecraft.client.renderer.ItemRenderer.renderItemSide(Lnet/minecraft/entity/EntityLivingBase;Lnet/minecraft/item/ItemStack;Lnet/minecraft/client/renderer/block/model
Event: 656.317 Thread 0x000000001b486000 Uncommon trap: reason=speculate_class_check action=maybe_recompile pc=0x00000000068cf5d8 method=net.minecraft.entity.Entity.move(Lnet/minecraft/entity/MoverType;DDD)V @ 2313
Event: 657.316 Thread 0x000000001b486000 Uncommon trap: reason=unstable_if action=reinterpret pc=0x0000000003abf9b0 method=net.minecraft.world.World.setBlockState(Lnet/minecraft/util/math/BlockPos;Lnet/minecraft/block/state/IBlockState;I)Z @ 124
Event: 657.413 Thread 0x000000001b486000 Uncommon trap: reason=unstable_if action=reinterpret pc=0x0000000005d6f79c method=mod.akrivus.amalgam.gem.ai.EntityAIStayWithinRadius.shouldExecute()Z @ 80
Event: 657.464 Thread 0x000000001b486000 Uncommon trap: reason=speculate_class_check action=maybe_recompile pc=0x00000000068cf5d8 method=net.minecraft.entity.Entity.move(Lnet/minecraft/entity/MoverType;DDD)V @ 2313
Event: 681.366 Thread 0x0000000003407800 Uncommon trap: reason=unstable_if action=reinterpret pc=0x0000000005cf8e6c method=net.minecraft.block.Block.isSideSolid(Lnet/minecraft/block/state/IBlockState;Lnet/minecraft/world/IBlockAccess;Lnet/minecraft/util/math/BlockPos;Lnet/minecraft/util/EnumFaci
Event: 681.419 Thread 0x000000001b486000 Uncommon trap: reason=unstable_if action=reinterpret pc=0x0000000005307df8 method=net.minecraft.entity.EntityTrackerEntry.updatePlayerList(Ljava/util/List;)V @ 134
Event: 681.449 Thread 0x0000000003407800 Uncommon trap: reason=unstable_if action=reinterpret pc=0x00000000069470bc method=net.minecraft.client.renderer.entity.Render.doRenderShadowAndFire(Lnet/minecraft/entity/Entity;DDDFF)V @ 29
Event: 681.452 Thread 0x0000000003407800 Uncommon trap: reason=unstable_if action=reinterpret pc=0x0000000005756f94 method=net.minecraft.client.renderer.entity.Render.doRenderShadowAndFire(Lnet/minecraft/entity/Entity;DDDFF)V @ 29
Event: 681.684 Thread 0x0000000003407800 Uncommon trap: reason=unstable_if action=reinterpret pc=0x0000000005d15058 method=net.minecraft.client.gui.GuiIngame.renderAttackIndicator(FLnet/minecraft/client/gui/ScaledResolution;)V @ 361

Classes redefined (0 events):
No events

Internal exceptions (10 events):
Event: 686.530 Thread 0x000000001b487000 Exception <a 'java/lang/InterruptedException': sleep interrupted> (0x00000000e4ae6200) thrown at [C:\re\workspace\8-2-build-windows-amd64-cygwin\jdk8u181\11358\hotspot\src\share\vm\prims\jvm.cpp, line 3273]
Event: 686.546 Thread 0x000000001b487000 Exception <a 'java/lang/InterruptedException': sleep interrupted> (0x00000000e4ae6458) thrown at [C:\re\workspace\8-2-build-windows-amd64-cygwin\jdk8u181\11358\hotspot\src\share\vm\prims\jvm.cpp, line 3273]
Event: 686.546 Thread 0x000000001b487000 Exception <a 'java/lang/InterruptedException': sleep interrupted> (0x00000000e4ae66b0) thrown at [C:\re\workspace\8-2-build-windows-amd64-cygwin\jdk8u181\11358\hotspot\src\share\vm\prims\jvm.cpp, line 3225]
Event: 686.565 Thread 0x000000001b487000 Exception <a 'java/lang/InterruptedException': sleep interrupted> (0x00000000e4ae6908) thrown at [C:\re\workspace\8-2-build-windows-amd64-cygwin\jdk8u181\11358\hotspot\src\share\vm\prims\jvm.cpp, line 3273]
Event: 686.580 Thread 0x000000001b487000 Exception <a 'java/lang/InterruptedException': sleep interrupted> (0x00000000e4ae6b60) thrown at [C:\re\workspace\8-2-build-windows-amd64-cygwin\jdk8u181\11358\hotspot\src\share\vm\prims\jvm.cpp, line 3273]
Event: 686.596 Thread 0x000000001b487000 Exception <a 'java/lang/InterruptedException': sleep interrupted> (0x00000000e4ae6db8) thrown at [C:\re\workspace\8-2-build-windows-amd64-cygwin\jdk8u181\11358\hotspot\src\share\vm\prims\jvm.cpp, line 3273]
Event: 686.615 Thread 0x000000001b487000 Exception <a 'java/lang/InterruptedException': sleep interrupted> (0x00000000e4ae7010) thrown at [C:\re\workspace\8-2-build-windows-amd64-cygwin\jdk8u181\11358\hotspot\src\share\vm\prims\jvm.cpp, line 3273]
Event: 686.630 Thread 0x000000001b487000 Exception <a 'java/lang/InterruptedException': sleep interrupted> (0x00000000e4ae7268) thrown at [C:\re\workspace\8-2-build-windows-amd64-cygwin\jdk8u181\11358\hotspot\src\share\vm\prims\jvm.cpp, line 3273]
Event: 686.646 Thread 0x000000001b487000 Exception <a 'java/lang/InterruptedException': sleep interrupted> (0x00000000e4ae74c0) thrown at [C:\re\workspace\8-2-build-windows-amd64-cygwin\jdk8u181\11358\hotspot\src\share\vm\prims\jvm.cpp, line 3273]
Event: 686.664 Thread 0x000000001b487000 Exception <a 'java/lang/InterruptedException': sleep interrupted> (0x00000000e4ae7718) thrown at [C:\re\workspace\8-2-build-windows-amd64-cygwin\jdk8u181\11358\hotspot\src\share\vm\prims\jvm.cpp, line 3273]

Events (10 events):
Event: 682.451 Thread 0x0000000003407800 DEOPT PACKING pc=0x0000000006b2592a sp=0x000000000334d720
Event: 682.451 Thread 0x0000000003407800 DEOPT UNPACKING pc=0x0000000003547890 sp=0x000000000334d718 mode 0
Event: 683.120 Thread 0x0000000003407800 DEOPT PACKING pc=0x0000000006b2592a sp=0x000000000334d720
Event: 683.120 Thread 0x0000000003407800 DEOPT UNPACKING pc=0x0000000003547890 sp=0x000000000334d718 mode 0
Event: 684.033 Thread 0x0000000003407800 DEOPT PACKING pc=0x0000000006b260cc sp=0x000000000334d720
Event: 684.033 Thread 0x0000000003407800 DEOPT UNPACKING pc=0x0000000003547890 sp=0x000000000334d718 mode 0
Event: 684.999 Thread 0x0000000003407800 DEOPT PACKING pc=0x0000000006b2592a sp=0x000000000334d720
Event: 684.999 Thread 0x0000000003407800 DEOPT UNPACKING pc=0x0000000003547890 sp=0x000000000334d718 mode 0
Event: 685.786 Thread 0x0000000003407800 DEOPT PACKING pc=0x0000000006b260cc sp=0x000000000334d720
Event: 685.786 Thread 0x0000000003407800 DEOPT UNPACKING pc=0x0000000003547890 sp=0x000000000334d718 mode 0


Dynamic libraries:
0x00007ff6fa9b0000 - 0x00007ff6fa9e7000 	C:\Program Files\Java\jdk1.8.0_181\bin\java.exe
0x00007ffe32970000 - 0x00007ffe32b51000 	C:\WINDOWS\SYSTEM32\ntdll.dll
0x00007ffe30040000 - 0x00007ffe300f2000 	C:\WINDOWS\System32\KERNEL32.DLL
0x00007ffe2ef60000 - 0x00007ffe2f1d3000 	C:\WINDOWS\System32\KERNELBASE.dll
0x00007ffe327c0000 - 0x00007ffe32861000 	C:\WINDOWS\System32\ADVAPI32.dll
0x00007ffe32870000 - 0x00007ffe3290e000 	C:\WINDOWS\System32\msvcrt.dll
0x00007ffe2fe00000 - 0x00007ffe2fe5b000 	C:\WINDOWS\System32\sechost.dll
0x00007ffe2fe60000 - 0x00007ffe2ff84000 	C:\WINDOWS\System32\RPCRT4.dll
0x00007ffe30840000 - 0x00007ffe309d0000 	C:\WINDOWS\System32\USER32.dll
0x00007ffe2f9f0000 - 0x00007ffe2fa10000 	C:\WINDOWS\System32\win32u.dll
0x00007ffe31120000 - 0x00007ffe31148000 	C:\WINDOWS\System32\GDI32.dll
0x00007ffe2edc0000 - 0x00007ffe2ef52000 	C:\WINDOWS\System32\gdi32full.dll
0x00007ffe2fd00000 - 0x00007ffe2fd9f000 	C:\WINDOWS\System32\msvcp_win.dll
0x00007ffe2f1e0000 - 0x00007ffe2f2d8000 	C:\WINDOWS\System32\ucrtbase.dll
0x00007ffe1d060000 - 0x00007ffe1d2c9000 	C:\WINDOWS\WinSxS\amd64_microsoft.windows.common-controls_6595b64144ccf1df_6.0.17134.648_none_fb45a0e93062a6d2\COMCTL32.dll
0x00007ffe30d70000 - 0x00007ffe31092000 	C:\WINDOWS\System32\combase.dll
0x00007ffe2ed40000 - 0x00007ffe2edba000 	C:\WINDOWS\System32\bcryptPrimitives.dll
0x00007ffe32910000 - 0x00007ffe3293d000 	C:\WINDOWS\System32\IMM32.DLL
0x0000000069730000 - 0x0000000069802000 	C:\Program Files\Java\jdk1.8.0_181\jre\bin\msvcr100.dll
0x0000000068e80000 - 0x0000000069722000 	C:\Program Files\Java\jdk1.8.0_181\jre\bin\server\jvm.dll
0x00007ffe30830000 - 0x00007ffe30838000 	C:\WINDOWS\System32\PSAPI.DLL
0x00007ffe1c870000 - 0x00007ffe1c879000 	C:\WINDOWS\SYSTEM32\WSOCK32.dll
0x00007ffe2a150000 - 0x00007ffe2a173000 	C:\WINDOWS\SYSTEM32\WINMM.dll
0x00007ffe1ead0000 - 0x00007ffe1eada000 	C:\WINDOWS\SYSTEM32\VERSION.dll
0x00007ffe30ac0000 - 0x00007ffe30b2c000 	C:\WINDOWS\System32\WS2_32.dll
0x00007ffe2a120000 - 0x00007ffe2a14a000 	C:\WINDOWS\SYSTEM32\WINMMBASE.dll
0x00007ffe2fa10000 - 0x00007ffe2fa59000 	C:\WINDOWS\System32\cfgmgr32.dll
0x0000000069a50000 - 0x0000000069a5f000 	C:\Program Files\Java\jdk1.8.0_181\jre\bin\verify.dll
0x0000000068e50000 - 0x0000000068e79000 	C:\Program Files\Java\jdk1.8.0_181\jre\bin\java.dll
0x0000000068e30000 - 0x0000000068e46000 	C:\Program Files\Java\jdk1.8.0_181\jre\bin\zip.dll
0x00007ffe31150000 - 0x00007ffe32590000 	C:\WINDOWS\System32\SHELL32.dll
0x00007ffe2ff90000 - 0x00007ffe30039000 	C:\WINDOWS\System32\shcore.dll
0x00007ffe2f2e0000 - 0x00007ffe2f9ed000 	C:\WINDOWS\System32\windows.storage.dll
0x00007ffe301f0000 - 0x00007ffe30241000 	C:\WINDOWS\System32\shlwapi.dll
0x00007ffe2ed00000 - 0x00007ffe2ed11000 	C:\WINDOWS\System32\kernel.appcore.dll
0x00007ffe2ece0000 - 0x00007ffe2ecff000 	C:\WINDOWS\System32\profapi.dll
0x00007ffe2ec90000 - 0x00007ffe2ecdc000 	C:\WINDOWS\System32\powrprof.dll
0x00007ffe2ec80000 - 0x00007ffe2ec8a000 	C:\WINDOWS\System32\FLTLIB.DLL
0x0000000068de0000 - 0x0000000068ded000 	C:\Program Files\Java\jdk1.8.0_181\jre\bin\management.dll
0x00007ffe2e650000 - 0x00007ffe2e667000 	C:\WINDOWS\SYSTEM32\CRYPTSP.dll
0x00007ffe2e080000 - 0x00007ffe2e0b3000 	C:\WINDOWS\system32\rsaenh.dll
0x00007ffe2e780000 - 0x00007ffe2e7a5000 	C:\WINDOWS\SYSTEM32\bcrypt.dll
0x00007ffe2ebb0000 - 0x00007ffe2ebd8000 	C:\WINDOWS\SYSTEM32\USERENV.dll
0x00007ffe2e670000 - 0x00007ffe2e67b000 	C:\WINDOWS\SYSTEM32\CRYPTBASE.dll
0x0000000068e10000 - 0x0000000068e2a000 	C:\Program Files\Java\jdk1.8.0_181\jre\bin\net.dll
0x00007ffe2e4a0000 - 0x00007ffe2e506000 	C:\WINDOWS\system32\mswsock.dll
0x00007ffe2e220000 - 0x00007ffe2e258000 	C:\WINDOWS\SYSTEM32\IPHLPAPI.DLL
0x00007ffe303d0000 - 0x00007ffe303d8000 	C:\WINDOWS\System32\NSI.dll
0x00007ffe26300000 - 0x00007ffe26316000 	C:\WINDOWS\SYSTEM32\dhcpcsvc6.DLL
0x00007ffe26440000 - 0x00007ffe2645a000 	C:\WINDOWS\SYSTEM32\dhcpcsvc.DLL
0x0000000068df0000 - 0x0000000068e01000 	C:\Program Files\Java\jdk1.8.0_181\jre\bin\nio.dll
0x00007ffe2be90000 - 0x00007ffe2be9a000 	C:\Users\Conor\AppData\Local\Temp\jansi-64-1164130964059123227.dll
0x00007ffe03180000 - 0x00007ffe03196000 	C:\WINDOWS\system32\napinsp.dll
0x00007ffdfcc30000 - 0x00007ffdfcc4a000 	C:\WINDOWS\system32\pnrpnsp.dll
0x00007ffe29ab0000 - 0x00007ffe29ac9000 	C:\WINDOWS\system32\NLAapi.dll
0x00007ffe2e260000 - 0x00007ffe2e31e000 	C:\WINDOWS\SYSTEM32\DNSAPI.dll
0x00007ffe28060000 - 0x00007ffe2806e000 	C:\WINDOWS\System32\winrnr.dll
0x00007ffe2b600000 - 0x00007ffe2b615000 	C:\WINDOWS\System32\wshbth.dll
0x00007ffe24360000 - 0x00007ffe2436a000 	C:\Windows\System32\rasadhlp.dll
0x00007ffe24370000 - 0x00007ffe243e2000 	C:\WINDOWS\System32\fwpuclnt.dll
0x0000000180000000 - 0x0000000180053000 	C:\Users\Conor\.gradle\caches\minecraft\net\minecraft\natives\1.12.2\lwjgl64.dll
0x00007ffe20d30000 - 0x00007ffe20e50000 	C:\WINDOWS\SYSTEM32\OPENGL32.dll
0x00007ffe28030000 - 0x00007ffe2805c000 	C:\WINDOWS\SYSTEM32\GLU32.dll
0x0000000068c00000 - 0x0000000068d99000 	C:\Program Files\Java\jdk1.8.0_181\jre\bin\awt.dll
0x00007ffe30100000 - 0x00007ffe301c3000 	C:\WINDOWS\System32\OLEAUT32.dll
0x00007ffe2b510000 - 0x00007ffe2b59b000 	C:\WINDOWS\SYSTEM32\apphelp.dll
0x00007ffe2cbe0000 - 0x00007ffe2cc78000 	C:\WINDOWS\system32\uxtheme.dll
0x00007ffe30250000 - 0x00007ffe303c3000 	C:\WINDOWS\System32\MSCTF.dll
0x00007ffe2ce80000 - 0x00007ffe2cea9000 	C:\WINDOWS\system32\dwmapi.dll
0x00007ffe22770000 - 0x00007ffe22806000 	C:\WINDOWS\System32\TextInputFramework.dll
0x00007ffe293c0000 - 0x00007ffe296de000 	C:\WINDOWS\System32\CoreUIComponents.dll
0x00007ffe2b2f0000 - 0x00007ffe2b3ca000 	C:\WINDOWS\System32\CoreMessaging.dll
0x00007ffe2c290000 - 0x00007ffe2c3dd000 	C:\WINDOWS\SYSTEM32\wintypes.dll
0x00007ffe2dbc0000 - 0x00007ffe2dbf1000 	C:\WINDOWS\SYSTEM32\ntmarta.dll
0x00007ffdf8dd0000 - 0x00007ffdf9ae9000 	C:\WINDOWS\SYSTEM32\ig8icd64.dll
0x00007ffe2b4f0000 - 0x00007ffe2b503000 	C:\WINDOWS\SYSTEM32\WTSAPI32.dll
0x00007ffe117a0000 - 0x00007ffe121e0000 	C:\WINDOWS\SYSTEM32\igdusc64.dll
0x00007ffe288f0000 - 0x00007ffe28998000 	C:\WINDOWS\SYSTEM32\mscms.dll
0x00007ffe24190000 - 0x00007ffe241a0000 	C:\WINDOWS\SYSTEM32\ColorAdapterClient.dll
0x00007ffe272b0000 - 0x00007ffe272f3000 	C:\WINDOWS\SYSTEM32\icm32.dll
0x00007ffe2d890000 - 0x00007ffe2d94b000 	C:\WINDOWS\SYSTEM32\dxgi.dll
0x00007ffe2b950000 - 0x00007ffe2bc5b000 	C:\WINDOWS\SYSTEM32\d3d11.dll
0x00007ffe15520000 - 0x00007ffe1647e000 	C:\WINDOWS\SYSTEM32\igd10iumd64.dll
0x00007ffe2e750000 - 0x00007ffe2e776000 	C:\WINDOWS\SYSTEM32\ncrypt.dll
0x00007ffe2e710000 - 0x00007ffe2e746000 	C:\WINDOWS\SYSTEM32\NTASN1.dll
0x00007ffe22680000 - 0x00007ffe226c2000 	C:\Users\Conor\AppData\Local\Temp\jna-65291973\jna8594481715720895498.dll
0x0000000068480000 - 0x00000000684e4000 	C:\Users\Conor\.gradle\caches\minecraft\net\minecraft\natives\1.12.2\OpenAL64.dll
0x00007ffe32660000 - 0x00007ffe327b1000 	C:\WINDOWS\System32\ole32.dll
0x00007ffe30b30000 - 0x00007ffe30bd0000 	C:\WINDOWS\System32\clbcatq.dll
0x00007ffe25600000 - 0x00007ffe25676000 	C:\WINDOWS\System32\MMDevApi.dll
0x00007ffe2c890000 - 0x00007ffe2ca44000 	C:\WINDOWS\System32\PROPSYS.dll
0x00007ffe2ea30000 - 0x00007ffe2ea57000 	C:\WINDOWS\System32\DEVOBJ.dll
0x00007ffe02280000 - 0x00007ffe0230f000 	C:\WINDOWS\SYSTEM32\dsound.dll
0x00007ffe17a70000 - 0x00007ffe17b9c000 	C:\WINDOWS\SYSTEM32\AUDIOSES.DLL
0x00007ffe2b5a0000 - 0x00007ffe2b5aa000 	C:\WINDOWS\SYSTEM32\AVRT.dll
0x0000000068db0000 - 0x0000000068dd4000 	C:\Program Files\Java\jdk1.8.0_181\jre\bin\sunec.dll
0x0000000068da0000 - 0x0000000068dab000 	C:\Program Files\Java\jdk1.8.0_181\jre\bin\sunmscapi.dll
0x00007ffe2fb10000 - 0x00007ffe2fcf2000 	C:\WINDOWS\System32\CRYPT32.dll
0x00007ffe2ed20000 - 0x00007ffe2ed32000 	C:\WINDOWS\System32\MSASN1.dll
0x00007ffe28f80000 - 0x00007ffe28f9a000 	C:\Users\Conor\.gradle\caches\minecraft\net\minecraft\natives\1.12.2\SAPIWrapper_x64.dll

VM Arguments:
jvm_args: -Dfile.encoding=windows-1252 -Duser.country=GB -Duser.language=en -Duser.variant 
java_command: GradleStart
java_class_path (initial): C:\Users\Conor\Dropbox\Brise Vessle xoxo\libs\amalgam-1.0n11-deobf.jar;C:\Users\Conor\Dropbox\Brise Vessle xoxo\libs\aopalliance-repackaged-2.5.0-b30.jar;C:\Users\Conor\Dropbox\Brise Vessle xoxo\libs\CodeChickenLib-1.12.2-3.1.6.339-universal.jar;C:\Users\Conor\Dropbox\Brise Vessle xoxo\libs\grizzly-framework-2.3.28.jar;C:\Users\Conor\Dropbox\Brise Vessle xoxo\libs\grizzly-http-2.3.28.jar;C:\Users\Conor\Dropbox\Brise Vessle xoxo\libs\grizzly-http-server-2.3.28.jar;C:\Users\Conor\Dropbox\Brise Vessle xoxo\libs\hk2-api-2.5.0-b30.jar;C:\Users\Conor\Dropbox\Brise Vessle xoxo\libs\hk2-locator-2.5.0-b30.jar;C:\Users\Conor\Dropbox\Brise Vessle xoxo\libs\hk2-utils-2.5.0-b30.jar;C:\Users\Conor\Dropbox\Brise Vessle xoxo\libs\hppc-0.7.1.jar;C:\Users\Conor\Dropbox\Brise Vessle xoxo\libs\jackson-annotations-2.8.4.jar;C:\Users\Conor\Dropbox\Brise Vessle xoxo\libs\jackson-core-2.8.4.jar;C:\Users\Conor\Dropbox\Brise Vessle xoxo\libs\jackson-databind-2.8.4.jar;C:\Users\Conor\Dropbox\Brise Vessle xoxo\libs\jackson-jaxrs-base-2.8.4.jar;C:\Users\Conor\Dropbox\Brise Vessle xoxo\libs\jackson-jaxrs-json-provider-2.8.4.jar;C:\Users\Conor\Dropbox\Brise Vessle xoxo\libs\jackson-module-jaxb-annotations-2.8.4.jar;C:\Users\Conor\Dropbox\Brise Vessle xoxo\libs\javassist-3.20.0-GA.jar;C:\Users\Conor\Dropbox\Brise Vessle xoxo\libs\javax.annotation-api-1.2.jar;C:\Users\Conor\Dropbox\Brise Vessle xoxo\libs\javax.inject-2.5.0-b30.jar;C:\Users\Conor\Dropbox\Brise Vessle xoxo\libs\javax.ws.rs-api-2.0.1.jar;C:\Users\Conor\Dropbox\Brise Vessle xoxo\libs\jcommander-1.48.jar;C:\Users\Conor\Dropbox\Brise Vessle xoxo\libs\jei_1.12.2-4.9.1.170.jar;C:\Users\Conor\Dropbox\Brise Vessle xoxo\libs\jersey-client-2.25.jar;C:\Users\Conor\Dropbox\Brise Vessle xoxo\libs\jersey-common-2.25.jar;C:\Users\Conor\Dropbox\Brise Vessle xoxo\libs\jersey-container-grizzly2-http-2.25.jar;C:\Users\Conor\Dropbox\Brise Vessle xoxo\libs\jersey-entity-filtering-2.25.jar;C:\Users\Conor\Dropbox\Brise Vessle x
Launcher Type: SUN_STANDARD

Environment Variables:
JAVA_HOME=C:\Program Files\Java\jdk1.8.0_181
PATH=C:\Program Files (x86)\Common Files\Oracle\Java\javapath;C:\ProgramData\Oracle\Java\javapath;C:\WINDOWS\system32;C:\WINDOWS;C:\WINDOWS\System32\Wbem;C:\WINDOWS\System32\WindowsPowerShell\v1.0\;C:\Program Files (x86)\Common Files\lenovo\easyplussdk\bin;C:\Program Files\Intel\WiFi\bin\;C:\Program Files\Common Files\Intel\WirelessCommon\;C:\Users\Conor\Desktop\WorldPainter;C:\WINDOWS\System32\OpenSSH\;C:\Users\Conor\AppData\Local\Microsoft\WindowsApps;
USERNAME=Conor
OS=Windows_NT
PROCESSOR_IDENTIFIER=Intel64 Family 6 Model 61 Stepping 4, GenuineIntel



---------------  S Y S T E M  ---------------

OS: Windows 10.0 , 64 bit Build 17134 (10.0.17134.648)

CPU:total 4 (initial active 4) (2 cores per cpu, 2 threads per core) family 6 model 61 stepping 4, cmov, cx8, fxsr, mmx, sse, sse2, sse3, ssse3, sse4.1, sse4.2, popcnt, avx, avx2, aes, clmul, erms, 3dnowpref, lzcnt, ht, tsc, tscinvbit, bmi1, bmi2, adx

Memory: 4k page, physical 8300384k(545712k free), swap 10245984k(3276k free)

vm_info: Java HotSpot(TM) 64-Bit Server VM (25.181-b13) for windows-amd64 JRE (1.8.0_181-b13), built on Jul  7 2018 04:01:33 by "java_re" with MS VC++ 10.0 (VS2010)

time: Sat Mar 30 15:41:16 2019
elapsed time: 686 seconds (0d 0h 11m 26s)

